<?xml version="1.0" encoding="UTF-8"?>
<testsuite name="pl.rafalmanka.scrollcalendar.data.CalendarMonthTest" tests="6" skipped="0" failures="0" errors="0" timestamp="2017-09-15T16:56:48" hostname="dub0053.local" time="0.002">
  <properties/>
  <testcase name="shouldWorkOnJanuary" classname="pl.rafalmanka.scrollcalendar.data.CalendarMonthTest" time="0.001"/>
  <testcase name="shouldWorkOnApril" classname="pl.rafalmanka.scrollcalendar.data.CalendarMonthTest" time="0.0"/>
  <testcase name="qweqwe" classname="pl.rafalmanka.scrollcalendar.data.CalendarMonthTest" time="0.0"/>
  <testcase name="shoudalsdja" classname="pl.rafalmanka.scrollcalendar.data.CalendarMonthTest" time="0.001"/>
  <testcase name="shouldWorkOnCalendarDecember" classname="pl.rafalmanka.scrollcalendar.data.CalendarMonthTest" time="0.0"/>
  <testcase name="shouldWorkOnLeapYear" classname="pl.rafalmanka.scrollcalendar.data.CalendarMonthTest" time="0.0"/>
  <system-out><![CDATA[]]></system-out>
  <system-err><![CDATA[]]></system-err>
</testsuite>
